<?xml version="1.0" encoding="UTF-8"?>
<robot generator="Robot 6.1.1 (Python 3.11.5 on win32)" generated="20231008 18:41:50.040" rpa="false" schemaversion="4">
<suite id="s1" name="Test" source="C:\Users\ririta\Downloads\SQA-Project-main\tests\selenium\test.robot">
<test id="s1-t1" name="TC01 : Open Homepage" line="5">
<kw name="Open Browser" library="SeleniumLibrary">
<arg>http://127.0.0.1:8000</arg>
<arg>Chrome</arg>
<doc>Opens a new browser instance to the optional ``url``.</doc>
<msg timestamp="20231008 18:41:50.363" level="INFO">Opening browser 'Chrome' to base url 'http://127.0.0.1:8000'.</msg>
<status status="PASS" starttime="20231008 18:41:50.363" endtime="20231008 18:41:53.991"/>
</kw>
<kw name="Log" library="BuiltIn">
<arg>This is executed.</arg>
<doc>Logs the given message with the given level.</doc>
<msg timestamp="20231008 18:41:53.995" level="INFO">This is executed.</msg>
<status status="PASS" starttime="20231008 18:41:53.995" endtime="20231008 18:41:53.995"/>
</kw>
<kw name="Capture Page Screenshot" library="SeleniumLibrary">
<arg>TC01.jpg</arg>
<doc>Takes a screenshot of the current page and embeds it into a log file.</doc>
<msg timestamp="20231008 18:41:54.746" level="INFO" html="true">&lt;/td&gt;&lt;/tr&gt;&lt;tr&gt;&lt;td colspan="3"&gt;&lt;a href="TC01.jpg"&gt;&lt;img src="TC01.jpg" width="800px"&gt;&lt;/a&gt;</msg>
<msg timestamp="20231008 18:41:54.746" level="INFO">C:\Users\ririta\AppData\Local\Programs\Python\Python311\Lib\site-packages\selenium\webdriver\remote\webdriver.py:825: UserWarning: name used for saved screenshot does not match file type. It should end with a `.png` extension
  return self.get_screenshot_as_file(filename)</msg>
<status status="PASS" starttime="20231008 18:41:53.999" endtime="20231008 18:41:54.750"/>
</kw>
<kw name="Close Browser" library="SeleniumLibrary" type="TEARDOWN">
<doc>Closes the current browser.</doc>
<status status="PASS" starttime="20231008 18:41:54.750" endtime="20231008 18:41:57.043"/>
</kw>
<status status="PASS" starttime="20231008 18:41:50.363" endtime="20231008 18:41:57.043"/>
</test>
<test id="s1-t2" name="TC02 : Open Login Page" line="11">
<kw name="Open Browser" library="SeleniumLibrary">
<arg>http://127.0.0.1:8000/login</arg>
<arg>Chrome</arg>
<doc>Opens a new browser instance to the optional ``url``.</doc>
<msg timestamp="20231008 18:41:57.051" level="INFO">Opening browser 'Chrome' to base url 'http://127.0.0.1:8000/login'.</msg>
<status status="PASS" starttime="20231008 18:41:57.047" endtime="20231008 18:41:59.780"/>
</kw>
<kw name="Log" library="BuiltIn">
<arg>This is executed.</arg>
<doc>Logs the given message with the given level.</doc>
<msg timestamp="20231008 18:41:59.780" level="INFO">This is executed.</msg>
<status status="PASS" starttime="20231008 18:41:59.780" endtime="20231008 18:41:59.780"/>
</kw>
<kw name="Capture Page Screenshot" library="SeleniumLibrary">
<arg>TC02.jpg</arg>
<doc>Takes a screenshot of the current page and embeds it into a log file.</doc>
<msg timestamp="20231008 18:42:00.518" level="INFO" html="true">&lt;/td&gt;&lt;/tr&gt;&lt;tr&gt;&lt;td colspan="3"&gt;&lt;a href="TC02.jpg"&gt;&lt;img src="TC02.jpg" width="800px"&gt;&lt;/a&gt;</msg>
<status status="PASS" starttime="20231008 18:41:59.784" endtime="20231008 18:42:00.518"/>
</kw>
<kw name="Close Browser" library="SeleniumLibrary" type="TEARDOWN">
<doc>Closes the current browser.</doc>
<status status="PASS" starttime="20231008 18:42:00.523" endtime="20231008 18:42:02.775"/>
</kw>
<status status="PASS" starttime="20231008 18:41:57.047" endtime="20231008 18:42:02.775"/>
</test>
<test id="s1-t3" name="TC03 : Open Dashboard Page" line="17">
<kw name="Open Browser" library="SeleniumLibrary">
<arg>http://127.0.0.1:8000/login</arg>
<arg>Chrome</arg>
<doc>Opens a new browser instance to the optional ``url``.</doc>
<msg timestamp="20231008 18:42:02.779" level="INFO">Opening browser 'Chrome' to base url 'http://127.0.0.1:8000/login'.</msg>
<status status="PASS" starttime="20231008 18:42:02.779" endtime="20231008 18:42:05.291"/>
</kw>
<kw name="Log" library="BuiltIn">
<arg>This is executed.</arg>
<doc>Logs the given message with the given level.</doc>
<msg timestamp="20231008 18:42:05.291" level="INFO">This is executed.</msg>
<status status="PASS" starttime="20231008 18:42:05.291" endtime="20231008 18:42:05.291"/>
</kw>
<kw name="Input Text" library="SeleniumLibrary">
<arg>username</arg>
<arg>admin@gmail.com</arg>
<doc>Types the given ``text`` into the text field identified by ``locator``.</doc>
<msg timestamp="20231008 18:42:05.295" level="INFO">Typing text 'admin@gmail.com' into text field 'username'.</msg>
<status status="PASS" starttime="20231008 18:42:05.291" endtime="20231008 18:42:05.463"/>
</kw>
<kw name="Input Text" library="SeleniumLibrary">
<arg>password</arg>
<arg>12345678</arg>
<doc>Types the given ``text`` into the text field identified by ``locator``.</doc>
<msg timestamp="20231008 18:42:05.467" level="INFO">Typing text '12345678' into text field 'password'.</msg>
<status status="PASS" starttime="20231008 18:42:05.467" endtime="20231008 18:42:05.635"/>
</kw>
<kw name="Click Button" library="SeleniumLibrary">
<arg>submit</arg>
<doc>Clicks the button identified by ``locator``.</doc>
<msg timestamp="20231008 18:42:05.635" level="INFO">Clicking button 'submit'.</msg>
<status status="PASS" starttime="20231008 18:42:05.635" endtime="20231008 18:42:08.623"/>
</kw>
<kw name="Location Should Be" library="SeleniumLibrary">
<arg>http://127.0.0.1:8000/dashboard</arg>
<doc>Verifies that the current URL is exactly ``url``.</doc>
<msg timestamp="20231008 18:42:08.635" level="INFO">Current location is 'http://127.0.0.1:8000/dashboard'.</msg>
<status status="PASS" starttime="20231008 18:42:08.627" endtime="20231008 18:42:08.635"/>
</kw>
<kw name="Capture Page Screenshot" library="SeleniumLibrary">
<arg>TC03.jpg</arg>
<doc>Takes a screenshot of the current page and embeds it into a log file.</doc>
<msg timestamp="20231008 18:42:08.779" level="INFO" html="true">&lt;/td&gt;&lt;/tr&gt;&lt;tr&gt;&lt;td colspan="3"&gt;&lt;a href="TC03.jpg"&gt;&lt;img src="TC03.jpg" width="800px"&gt;&lt;/a&gt;</msg>
<status status="PASS" starttime="20231008 18:42:08.635" endtime="20231008 18:42:08.779"/>
</kw>
<kw name="Close Browser" library="SeleniumLibrary" type="TEARDOWN">
<doc>Closes the current browser.</doc>
<status status="PASS" starttime="20231008 18:42:08.783" endtime="20231008 18:42:11.019"/>
</kw>
<status status="PASS" starttime="20231008 18:42:02.775" endtime="20231008 18:42:11.019"/>
</test>
<test id="s1-t4" name="TC04 : Open Manage Fund Page" line="27">
<kw name="Open Browser" library="SeleniumLibrary">
<arg>http://127.0.0.1:8000/login</arg>
<arg>Chrome</arg>
<doc>Opens a new browser instance to the optional ``url``.</doc>
<msg timestamp="20231008 18:42:11.027" level="INFO">Opening browser 'Chrome' to base url 'http://127.0.0.1:8000/login'.</msg>
<status status="PASS" starttime="20231008 18:42:11.023" endtime="20231008 18:42:13.729"/>
</kw>
<kw name="Log" library="BuiltIn">
<arg>This is executed.</arg>
<doc>Logs the given message with the given level.</doc>
<msg timestamp="20231008 18:42:13.733" level="INFO">This is executed.</msg>
<status status="PASS" starttime="20231008 18:42:13.733" endtime="20231008 18:42:13.733"/>
</kw>
<kw name="Input Text" library="SeleniumLibrary">
<arg>username</arg>
<arg>admin@gmail.com</arg>
<doc>Types the given ``text`` into the text field identified by ``locator``.</doc>
<msg timestamp="20231008 18:42:13.733" level="INFO">Typing text 'admin@gmail.com' into text field 'username'.</msg>
<status status="PASS" starttime="20231008 18:42:13.733" endtime="20231008 18:42:13.941"/>
</kw>
<kw name="Input Text" library="SeleniumLibrary">
<arg>password</arg>
<arg>12345678</arg>
<doc>Types the given ``text`` into the text field identified by ``locator``.</doc>
<msg timestamp="20231008 18:42:13.941" level="INFO">Typing text '12345678' into text field 'password'.</msg>
<status status="PASS" starttime="20231008 18:42:13.941" endtime="20231008 18:42:14.181"/>
</kw>
<kw name="Click Button" library="SeleniumLibrary">
<arg>submit</arg>
<doc>Clicks the button identified by ``locator``.</doc>
<msg timestamp="20231008 18:42:14.185" level="INFO">Clicking button 'submit'.</msg>
<status status="PASS" starttime="20231008 18:42:14.185" endtime="20231008 18:42:17.450"/>
</kw>
<kw name="Location Should Be" library="SeleniumLibrary">
<arg>http://127.0.0.1:8000/dashboard</arg>
<doc>Verifies that the current URL is exactly ``url``.</doc>
<msg timestamp="20231008 18:42:17.458" level="INFO">Current location is 'http://127.0.0.1:8000/dashboard'.</msg>
<status status="PASS" starttime="20231008 18:42:17.450" endtime="20231008 18:42:17.458"/>
</kw>
<kw name="Wait Until Element Is Visible" library="SeleniumLibrary">
<arg>//*[@id="sidebar"]/ul/li[5]/a</arg>
<doc>Waits until the element ``locator`` is visible.</doc>
<status status="PASS" starttime="20231008 18:42:17.458" endtime="20231008 18:42:17.494"/>
</kw>
<kw name="Click Link" library="SeleniumLibrary">
<arg>//*[@id="sidebar"]/ul/li[5]/a</arg>
<doc>Clicks a link identified by ``locator``.</doc>
<msg timestamp="20231008 18:42:17.498" level="INFO">Clicking link '//*[@id="sidebar"]/ul/li[5]/a'.</msg>
<status status="PASS" starttime="20231008 18:42:17.494" endtime="20231008 18:42:18.759"/>
</kw>
<kw name="Capture Page Screenshot" library="SeleniumLibrary">
<arg>TC04.jpg</arg>
<doc>Takes a screenshot of the current page and embeds it into a log file.</doc>
<msg timestamp="20231008 18:42:18.943" level="INFO" html="true">&lt;/td&gt;&lt;/tr&gt;&lt;tr&gt;&lt;td colspan="3"&gt;&lt;a href="TC04.jpg"&gt;&lt;img src="TC04.jpg" width="800px"&gt;&lt;/a&gt;</msg>
<status status="PASS" starttime="20231008 18:42:18.759" endtime="20231008 18:42:18.943"/>
</kw>
<kw name="Wait Until Element Is Visible" library="SeleniumLibrary">
<arg>//*[@id="sidebar"]/ul/li[6]/a</arg>
<doc>Waits until the element ``locator`` is visible.</doc>
<status status="PASS" starttime="20231008 18:42:18.947" endtime="20231008 18:42:18.983"/>
</kw>
<kw name="Click Link" library="SeleniumLibrary">
<arg>//*[@id="sidebar"]/ul/li[6]/a</arg>
<doc>Clicks a link identified by ``locator``.</doc>
<msg timestamp="20231008 18:42:18.983" level="INFO">Clicking link '//*[@id="sidebar"]/ul/li[6]/a'.</msg>
<status status="PASS" starttime="20231008 18:42:18.983" endtime="20231008 18:42:20.070"/>
</kw>
<kw name="Capture Page Screenshot" library="SeleniumLibrary">
<arg>TC05.jpg</arg>
<doc>Takes a screenshot of the current page and embeds it into a log file.</doc>
<msg timestamp="20231008 18:42:20.347" level="INFO" html="true">&lt;/td&gt;&lt;/tr&gt;&lt;tr&gt;&lt;td colspan="3"&gt;&lt;a href="TC05.jpg"&gt;&lt;img src="TC05.jpg" width="800px"&gt;&lt;/a&gt;</msg>
<status status="PASS" starttime="20231008 18:42:20.070" endtime="20231008 18:42:20.347"/>
</kw>
<kw name="Wait Until Element Is Visible" library="SeleniumLibrary">
<arg>//*[@id="sidebar"]/ul/li[7]/a</arg>
<doc>Waits until the element ``locator`` is visible.</doc>
<status status="PASS" starttime="20231008 18:42:20.351" endtime="20231008 18:42:20.379"/>
</kw>
<kw name="Click Link" library="SeleniumLibrary">
<arg>//*[@id="sidebar"]/ul/li[7]/a</arg>
<doc>Clicks a link identified by ``locator``.</doc>
<msg timestamp="20231008 18:42:20.379" level="INFO">Clicking link '//*[@id="sidebar"]/ul/li[7]/a'.</msg>
<status status="PASS" starttime="20231008 18:42:20.379" endtime="20231008 18:42:21.020"/>
</kw>
<kw name="Capture Page Screenshot" library="SeleniumLibrary">
<arg>TC06.jpg</arg>
<doc>Takes a screenshot of the current page and embeds it into a log file.</doc>
<msg timestamp="20231008 18:42:21.252" level="INFO" html="true">&lt;/td&gt;&lt;/tr&gt;&lt;tr&gt;&lt;td colspan="3"&gt;&lt;a href="TC06.jpg"&gt;&lt;img src="TC06.jpg" width="800px"&gt;&lt;/a&gt;</msg>
<status status="PASS" starttime="20231008 18:42:21.024" endtime="20231008 18:42:21.252"/>
</kw>
<kw name="Wait Until Element Is Visible" library="SeleniumLibrary">
<arg>//*[@id="sidebar"]/ul/li[10]/a</arg>
<doc>Waits until the element ``locator`` is visible.</doc>
<status status="PASS" starttime="20231008 18:42:21.252" endtime="20231008 18:42:21.284"/>
</kw>
<kw name="Click Link" library="SeleniumLibrary">
<arg>//*[@id="sidebar"]/ul/li[10]/a</arg>
<doc>Clicks a link identified by ``locator``.</doc>
<msg timestamp="20231008 18:42:21.284" level="INFO">Clicking link '//*[@id="sidebar"]/ul/li[10]/a'.</msg>
<status status="PASS" starttime="20231008 18:42:21.284" endtime="20231008 18:42:24.043"/>
</kw>
<kw name="Capture Page Screenshot" library="SeleniumLibrary">
<arg>TC07.jpg</arg>
<doc>Takes a screenshot of the current page and embeds it into a log file.</doc>
<msg timestamp="20231008 18:42:24.151" level="INFO" html="true">&lt;/td&gt;&lt;/tr&gt;&lt;tr&gt;&lt;td colspan="3"&gt;&lt;a href="TC07.jpg"&gt;&lt;img src="TC07.jpg" width="800px"&gt;&lt;/a&gt;</msg>
<status status="PASS" starttime="20231008 18:42:24.043" endtime="20231008 18:42:24.151"/>
</kw>
<kw name="Wait Until Element Is Visible" library="SeleniumLibrary">
<arg>//*[@id="sidebar"]/ul/li[11]/a</arg>
<doc>Waits until the element ``locator`` is visible.</doc>
<status status="PASS" starttime="20231008 18:42:24.151" endtime="20231008 18:42:24.179"/>
</kw>
<kw name="Click Link" library="SeleniumLibrary">
<arg>//*[@id="sidebar"]/ul/li[11]/a</arg>
<doc>Clicks a link identified by ``locator``.</doc>
<msg timestamp="20231008 18:42:24.179" level="INFO">Clicking link '//*[@id="sidebar"]/ul/li[11]/a'.</msg>
<status status="PASS" starttime="20231008 18:42:24.179" endtime="20231008 18:42:24.881"/>
</kw>
<kw name="Capture Page Screenshot" library="SeleniumLibrary">
<arg>TC08.jpg</arg>
<doc>Takes a screenshot of the current page and embeds it into a log file.</doc>
<msg timestamp="20231008 18:42:25.077" level="INFO" html="true">&lt;/td&gt;&lt;/tr&gt;&lt;tr&gt;&lt;td colspan="3"&gt;&lt;a href="TC08.jpg"&gt;&lt;img src="TC08.jpg" width="800px"&gt;&lt;/a&gt;</msg>
<status status="PASS" starttime="20231008 18:42:24.885" endtime="20231008 18:42:25.077"/>
</kw>
<kw name="Wait Until Element Is Visible" library="SeleniumLibrary">
<arg>//*[@id="sidebar"]/ul/li[12]/a</arg>
<doc>Waits until the element ``locator`` is visible.</doc>
<status status="PASS" starttime="20231008 18:42:25.077" endtime="20231008 18:42:25.105"/>
</kw>
<kw name="Click Link" library="SeleniumLibrary">
<arg>//*[@id="sidebar"]/ul/li[12]/a</arg>
<doc>Clicks a link identified by ``locator``.</doc>
<msg timestamp="20231008 18:42:25.109" level="INFO">Clicking link '//*[@id="sidebar"]/ul/li[12]/a'.</msg>
<status status="PASS" starttime="20231008 18:42:25.105" endtime="20231008 18:42:26.048"/>
</kw>
<kw name="Capture Page Screenshot" library="SeleniumLibrary">
<arg>TC09.jpg</arg>
<doc>Takes a screenshot of the current page and embeds it into a log file.</doc>
<msg timestamp="20231008 18:42:26.230" level="INFO" html="true">&lt;/td&gt;&lt;/tr&gt;&lt;tr&gt;&lt;td colspan="3"&gt;&lt;a href="TC09.jpg"&gt;&lt;img src="TC09.jpg" width="800px"&gt;&lt;/a&gt;</msg>
<status status="PASS" starttime="20231008 18:42:26.052" endtime="20231008 18:42:26.230"/>
</kw>
<kw name="Close Browser" library="SeleniumLibrary" type="TEARDOWN">
<doc>Closes the current browser.</doc>
<status status="PASS" starttime="20231008 18:42:26.234" endtime="20231008 18:42:28.483"/>
</kw>
<status status="PASS" starttime="20231008 18:42:11.023" endtime="20231008 18:42:28.483"/>
</test>
<status status="PASS" starttime="20231008 18:41:50.044" endtime="20231008 18:42:28.487"/>
</suite>
<statistics>
<total>
<stat pass="4" fail="0" skip="0">All Tests</stat>
</total>
<tag>
</tag>
<suite>
<stat pass="4" fail="0" skip="0" id="s1" name="Test">Test</stat>
</suite>
</statistics>
<errors>
</errors>
</robot>
